<?xml version="1.0" encoding="UTF-8"?>
<!-- Generated by org.testng.reporters.JUnitReportReporter -->
<testsuite skipped="0" hostname="AZV2311-L2" name="com.Doglist.TC_01Doglist" tests="1" failures="0" timestamp="21 Jul 2020 16:25:21 GMT" time="11.850" errors="0">
  <testcase name="getDogbreed" time="11.850" classname="com.Doglist.TC_01Doglist"/>
</testsuite> <!-- com.Doglist.TC_01Doglist -->
